checking for -Werror=unknown-warning-option... no
Failed commandline was:
--------------------------------------------------
gcc conftest.c  -Wall -I. -I$(SRCPATH) -D_POSIX_C_SOURCE=200112L   -Werror=unknown-warning-option   -Wl,--output-def=libx264.def -o conftest
cc1.exe: error: '-Werror=unknown-warning-option': no option '-Wunknown-warning-option'
--------------------------------------------------
Failed program was:
--------------------------------------------------
int main (void) {  return 0; }
--------------------------------------------------
checking for -Werror=unknown-attributes... no
Failed commandline was:
--------------------------------------------------
gcc conftest.c  -Wall -I. -I$(SRCPATH) -D_POSIX_C_SOURCE=200112L   -Werror=unknown-attributes   -Wl,--output-def=libx264.def -o conftest
cc1.exe: error: '-Werror=unknown-attributes': no option '-Wunknown-attributes'; did you mean '-Wno-attributes'?
--------------------------------------------------
Failed program was:
--------------------------------------------------
int main (void) {  return 0; }
--------------------------------------------------
checking for -Werror=attributes... yes
checking for -Werror=ignored-attributes... yes
checking for -lshell32... yes
checking for -S... yes
checking for -Wl,--high-entropy-va... yes
checking whether windres works... yes
checking whether !WINAPI_FAMILY_PARTITION(WINAPI_PARTITION_DESKTOP) is true... no
--------------------------------------------------
conftest.c:3:2: error: #error 
    3 | #error
      |  ^~~~~
--------------------------------------------------
Failed program was:
--------------------------------------------------
#include <winapifamily.h>
#if !(!WINAPI_FAMILY_PARTITION(WINAPI_PARTITION_DESKTOP)) 
#error  
#endif 
--------------------------------------------------
x264 configure script
Command line options: "--disable-cli" "--enable-shared" "--extra-ldflags=-Wl,--output-def=libx264.def"

checking whether gcc works... yes
checking whether gcc supports for( int i = 0; i < 9; i++ ); with -std=gnu99... yes
checking whether gcc supports __attribute__((force_align_arg_pointer))... yes
checking for -mpreferred-stack-boundary=6... no
Failed commandline was:
--------------------------------------------------
gcc conftest.c -m64  -Wall -I. -I$(SRCPATH) -D_POSIX_C_SOURCE=200112L -std=gnu99 -D_GNU_SOURCE   -Werror=attributes -Werror=ignored-attributes -mpreferred-stack-boundary=6  -lshell32 -Wl,--image-base,0x140000000 -m64  -Wl,--output-def=libx264.def  -Wl,--high-entropy-va -Wl,--dynamicbase,--nxcompat,--tsaware -o conftest
cc1.exe: error: '-mpreferred-stack-boundary=6' is not between 3 and 4
--------------------------------------------------
Failed program was:
--------------------------------------------------
int main (void) {  return 0; }
--------------------------------------------------
checking for -mstack-alignment=64... no
Failed commandline was:
--------------------------------------------------
gcc conftest.c -m64  -Wall -I. -I$(SRCPATH) -D_POSIX_C_SOURCE=200112L -std=gnu99 -D_GNU_SOURCE   -Werror=attributes -Werror=ignored-attributes -mstack-alignment=64  -lshell32 -Wl,--image-base,0x140000000 -m64  -Wl,--output-def=libx264.def  -Wl,--high-entropy-va -Wl,--dynamicbase,--nxcompat,--tsaware -o conftest
gcc.exe: error: unrecognized command-line option '-mstack-alignment=64'
--------------------------------------------------
Failed program was:
--------------------------------------------------
int main (void) {  return 0; }
--------------------------------------------------
checking whether nasm supports vmovdqa32 [eax]{k1}{z}, zmm0... yes
checking whether gcc supports __asm__("pabsw %xmm0, %xmm0");... yes
checking for volatile float x = 2; return log2f(x); in math.h... yes
checking for strtok_r(0, 0, 0); in string.h... yes
checking for clock_gettime(CLOCK_MONOTONIC, 0); in time.h... yes
checking for uint32_t test_vec __attribute__ ((vector_size (16))) = {0,1,2,3}; in stdint.h... yes
checking for stdio.h... yes
checking for -fno-tree-vectorize... yes
checking for fseeko(stdin,0,0); in stdio.h... yes
checking for -Wshadow... yes
checking for -Wmaybe-uninitialized... yes
checking for -fvisibility=hidden... yes

platform:       X86_64
byte order:     little-endian
system:         WINDOWS
cli:            no
libx264:        internal
shared:         yes
static:         no
bashcompletion: no
asm:            yes
interlaced:     yes
avs:            no
lavf:           no
ffms:           no
mp4:            no
gpl:            yes
thread:         win32
opencl:         yes
filters:        crop select_every
lto:            no
debug:          no
gprof:          no
strip:          no
PIC:            yes
bit depth:      all
chroma format:  all
